<?xml version="1.0" encoding="UTF-8"?>
<!-- Generated by org.testng.reporters.JUnitXMLReporter -->
<testsuite ignored="0" hostname="NW-Gagandeep-LPT" failures="1" tests="2" name="Test" time="111.102" errors="0" timestamp="2023-11-20T09:56:17 IST">
  <testcase classname="com.baitcheckerios.testscripts.LoginTest" name="TestLogin" time="34.4"/>
  <testcase classname="com.baitcheckerios.testscripts.LoginTest" name="TestCreateEmployee" time="76.141">
    <failure type="java.lang.ClassCastException" message="class org.openqa.selenium.chrome.ChromeDriver cannot be cast to class io.appium.java_client.AppiumDriver (org.openqa.selenium.chrome.ChromeDriver and io.appium.java_client.AppiumDriver are in unnamed module of loader &amp;apos;app&amp;apos;)">
      <![CDATA[java.lang.ClassCastException: class org.openqa.selenium.chrome.ChromeDriver cannot be cast to class io.appium.java_client.AppiumDriver (org.openqa.selenium.chrome.ChromeDriver and io.appium.java_client.AppiumDriver are in unnamed module of loader 'app')
at com.baitcheckerios.util.MobileUtility.clickElement(MobileUtility.java:137)
at com.baitcheckerios.pages.LoginPageWeb.createEmployee(LoginPageWeb.java:127)
at com.baitcheckerios.testscripts.LoginTest.TestCreateEmployee(LoginTest.java:51)
at java.base/java.util.ArrayList.forEach(ArrayList.java:1511)
... Removed 27 stack frames]]>
    </failure>
  </testcase> <!-- TestCreateEmployee -->
</testsuite> <!-- Test -->
